ISim log file
Running: O:\engs31\lab6final2\lab6tb_isim_beh.exe -intstyle ise -gui -tclbatch isim.cmd -view O:/engs31/lab6final2/good_sim.wcfg -wdb O:/engs31/lab6final2/lab6tb_isim_beh.wdb 
ISim P.20131013 (signature 0x7708f090)
----------------------------------------------------------------------
INFO:Security:50 - The XILINXD_LICENSE_FILE environment variable is set to '2100@dmv.thayer.dartmouth.edu'.
INFO:Security:53 - The LM_LICENSE_FILE environment variable is not set.
WARNING:Security:43 - No license file was found in the standard Xilinx license directory.
WARNING:Security:44 - Since no license file was found,
       please run the Xilinx License Configuration Manager
       (xlcm or "Manage Xilinx Licenses")
       to assist in obtaining a license.
WARNING:Security:42 - Your software subscription period has lapsed. Your current version of Xilinx tools will continue to function, but you no longer qualify for Xilinx software updates or new releases.


----------------------------------------------------------------------
This is a Full version of ISim.
Time resolution is 1 ps
# onerror resume
# run 30000 ns
Simulator is doing circuit initialization process.
at 0 ps, Instance /lab6tb/uut/Inst_SerialTx/ : Warning: NUMERIC_STD."=": metavalue detected, returning FALSE
Finished circuit initialization process.
# restart
# run 1.00us
Simulator is doing circuit initialization process.
at 0 ps, Instance /lab6tb/uut/Inst_SerialTx/ : Warning: NUMERIC_STD."=": metavalue detected, returning FALSE
Finished circuit initialization process.
# run 1.00us
# run 1.00us
# run 2000 us
# run 2000 us
# run 2000 us
# run 2000 us
# run 2000 us
# run 2000 us
# run 2000 us
# run 2000 us
# run 2000 us
# run 2000 us
# run 2000 us
# run 2000 us
# restart
# run 2000 us
Simulator is doing circuit initialization process.
at 0 ps, Instance /lab6tb/uut/Inst_SerialTx/ : Warning: NUMERIC_STD."=": metavalue detected, returning FALSE
Finished circuit initialization process.
# run 2000 us
# run 2000 us
# run 2000 us
# run 2000 us
# run 2000 us
# run 2000 us
# run 2000 us
# run 2000 us
# run 2000 us
# run 2000 us
